[2015-01-21 15:51:04] INFO  WEBrick 1.3.1
[2015-01-21 15:51:04] INFO  ruby 2.1.2 (2014-05-08) [x86_64-linux]
[2015-01-21 15:51:04] INFO  WEBrick::HTTPServer#start: pid=18895 port=6660
[2015-01-21 15:58:25] FATAL SignalException: SIGHUP
	/home/fabio/.rvm/rubies/ruby-2.1.2/lib/ruby/2.1.0/webrick/server.rb:170:in `select'
	/home/fabio/.rvm/rubies/ruby-2.1.2/lib/ruby/2.1.0/webrick/server.rb:170:in `block in start'
	/home/fabio/.rvm/rubies/ruby-2.1.2/lib/ruby/2.1.0/webrick/server.rb:32:in `start'
	/home/fabio/.rvm/rubies/ruby-2.1.2/lib/ruby/2.1.0/webrick/server.rb:160:in `start'
	/home/fabio/.rvm/gems/ruby-2.1.2/gems/rack-1.5.2/lib/rack/handler/webrick.rb:14:in `run'
	/home/fabio/.rvm/gems/ruby-2.1.2/gems/rack-1.5.2/lib/rack/server.rb:264:in `start'
	/home/fabio/.rvm/gems/ruby-2.1.2/gems/railties-4.1.4/lib/rails/commands/server.rb:69:in `start'
	/home/fabio/.rvm/gems/ruby-2.1.2/gems/railties-4.1.4/lib/rails/commands/commands_tasks.rb:81:in `block in server'
	/home/fabio/.rvm/gems/ruby-2.1.2/gems/railties-4.1.4/lib/rails/commands/commands_tasks.rb:76:in `tap'
	/home/fabio/.rvm/gems/ruby-2.1.2/gems/railties-4.1.4/lib/rails/commands/commands_tasks.rb:76:in `server'
	/home/fabio/.rvm/gems/ruby-2.1.2/gems/railties-4.1.4/lib/rails/commands/commands_tasks.rb:40:in `run_command!'
	/home/fabio/.rvm/gems/ruby-2.1.2/gems/railties-4.1.4/lib/rails/commands.rb:17:in `<top (required)>'
	/home/fabio/Public/github/blog/bin/rails:8:in `require'
	/home/fabio/Public/github/blog/bin/rails:8:in `<top (required)>'
	/home/fabio/.rvm/gems/ruby-2.1.2/gems/spring-1.1.3/lib/spring/client/rails.rb:27:in `load'
	/home/fabio/.rvm/gems/ruby-2.1.2/gems/spring-1.1.3/lib/spring/client/rails.rb:27:in `call'
	/home/fabio/.rvm/gems/ruby-2.1.2/gems/spring-1.1.3/lib/spring/client/command.rb:7:in `call'
	/home/fabio/.rvm/gems/ruby-2.1.2/gems/spring-1.1.3/lib/spring/client.rb:26:in `run'
	/home/fabio/.rvm/gems/ruby-2.1.2/gems/spring-1.1.3/bin/spring:48:in `<top (required)>'
	/home/fabio/.rvm/gems/ruby-2.1.2/gems/spring-1.1.3/lib/spring/binstub.rb:11:in `load'
	/home/fabio/.rvm/gems/ruby-2.1.2/gems/spring-1.1.3/lib/spring/binstub.rb:11:in `<top (required)>'
	/home/fabio/Public/github/blog/bin/spring:16:in `require'
	/home/fabio/Public/github/blog/bin/spring:16:in `<top (required)>'
	bin/rails:3:in `load'
	bin/rails:3:in `<main>'
[2015-01-21 15:58:25] INFO  going to shutdown ...
[2015-01-21 15:58:25] INFO  WEBrick::HTTPServer#start done.
=> Booting WEBrick
=> Rails 4.1.4 application starting in development on http://0.0.0.0:6660
=> Run `rails server -h` for more startup options
=> Notice: server is listening on all interfaces (0.0.0.0). Consider using 127.0.0.1 (--binding option)
=> Ctrl-C to shutdown server


Started GET "/1" for 127.0.0.1 at 2015-01-21 15:51:05 -0200

ActionController::RoutingError (No route matches [GET] "/1"):
  actionpack (4.1.4) lib/action_dispatch/middleware/debug_exceptions.rb:21:in `call'
  actionpack (4.1.4) lib/action_dispatch/middleware/show_exceptions.rb:30:in `call'
  railties (4.1.4) lib/rails/rack/logger.rb:38:in `call_app'
  railties (4.1.4) lib/rails/rack/logger.rb:20:in `block in call'
  activesupport (4.1.4) lib/active_support/tagged_logging.rb:68:in `block in tagged'
  activesupport (4.1.4) lib/active_support/tagged_logging.rb:26:in `tagged'
  activesupport (4.1.4) lib/active_support/tagged_logging.rb:68:in `tagged'
  railties (4.1.4) lib/rails/rack/logger.rb:20:in `call'
  actionpack (4.1.4) lib/action_dispatch/middleware/request_id.rb:21:in `call'
  rack (1.5.2) lib/rack/methodoverride.rb:21:in `call'
  rack (1.5.2) lib/rack/runtime.rb:17:in `call'
  activesupport (4.1.4) lib/active_support/cache/strategy/local_cache_middleware.rb:26:in `call'
  rack (1.5.2) lib/rack/lock.rb:17:in `call'
  actionpack (4.1.4) lib/action_dispatch/middleware/static.rb:64:in `call'
  rack (1.5.2) lib/rack/sendfile.rb:112:in `call'
  railties (4.1.4) lib/rails/engine.rb:514:in `call'
  railties (4.1.4) lib/rails/application.rb:144:in `call'
  rack (1.5.2) lib/rack/lock.rb:17:in `call'
  rack (1.5.2) lib/rack/content_length.rb:14:in `call'
  rack (1.5.2) lib/rack/handler/webrick.rb:60:in `service'
  /home/fabio/.rvm/rubies/ruby-2.1.2/lib/ruby/2.1.0/webrick/httpserver.rb:138:in `service'
  /home/fabio/.rvm/rubies/ruby-2.1.2/lib/ruby/2.1.0/webrick/httpserver.rb:94:in `run'
  /home/fabio/.rvm/rubies/ruby-2.1.2/lib/ruby/2.1.0/webrick/server.rb:295:in `block in start_thread'


  Rendered /home/fabio/.rvm/gems/ruby-2.1.2/gems/actionpack-4.1.4/lib/action_dispatch/middleware/templates/rescues/_trace.html.erb (1.0ms)
  Rendered /home/fabio/.rvm/gems/ruby-2.1.2/gems/actionpack-4.1.4/lib/action_dispatch/middleware/templates/routes/_route.html.erb (1.3ms)
  Rendered /home/fabio/.rvm/gems/ruby-2.1.2/gems/actionpack-4.1.4/lib/action_dispatch/middleware/templates/routes/_table.html.erb (4.5ms)
  Rendered /home/fabio/.rvm/gems/ruby-2.1.2/gems/actionpack-4.1.4/lib/action_dispatch/middleware/templates/rescues/routing_error.html.erb within rescues/layout (20.4ms)
Exiting
